
=== Thu Dec  8 12:32:32 2022

Packages were changed.
Update Mode: mergeDefaultDependencies

The following packages were added:
  com.unity.collab-proxy@1.7.1
  com.unity.ide.rider@3.0.7
  com.unity.ide.visualstudio@2.0.9
  com.unity.ide.vscode@1.2.3
  com.unity.modules.ai@1.0.0
  com.unity.modules.androidjni@1.0.0
  com.unity.modules.animation@1.0.0
  com.unity.modules.assetbundle@1.0.0
  com.unity.modules.audio@1.0.0
  com.unity.modules.cloth@1.0.0
  com.unity.modules.director@1.0.0
  com.unity.modules.imageconversion@1.0.0
  com.unity.modules.imgui@1.0.0
  com.unity.modules.jsonserialize@1.0.0
  com.unity.modules.particlesystem@1.0.0
  com.unity.modules.physics@1.0.0
  com.unity.modules.physics2d@1.0.0
  com.unity.modules.screencapture@1.0.0
  com.unity.modules.terrain@1.0.0
  com.unity.modules.terrainphysics@1.0.0
  com.unity.modules.tilemap@1.0.0
  com.unity.modules.ui@1.0.0
  com.unity.modules.uielements@1.0.0
  com.unity.modules.umbra@1.0.0
  com.unity.modules.unityanalytics@1.0.0
  com.unity.modules.unitywebrequest@1.0.0
  com.unity.modules.unitywebrequestassetbundle@1.0.0
  com.unity.modules.unitywebrequestaudio@1.0.0
  com.unity.modules.unitywebrequesttexture@1.0.0
  com.unity.modules.unitywebrequestwww@1.0.0
  com.unity.modules.vehicles@1.0.0
  com.unity.modules.video@1.0.0
  com.unity.modules.vr@1.0.0
  com.unity.modules.wind@1.0.0
  com.unity.modules.xr@1.0.0
  com.unity.test-framework@1.1.27
  com.unity.textmeshpro@3.0.6
  com.unity.timeline@1.5.6
  com.unity.ugui@1.0.0
  com.unity.visualscripting@1.6.1
The following packages were updated:
  com.unity.2d.animation from version 6.0.1 to 6.0.4
  com.unity.2d.psdimporter from version 5.0.1 to 5.0.4
  com.unity.2d.spriteshape from version 6.0.0 to 6.0.1

=== Thu Dec  8 12:36:57 2022

Packages were changed.
Update Mode: mergeDefaultDependencies

The following packages were added:
  com.unity.ads@3.6.1
  com.unity.analytics@3.3.5
  com.unity.purchasing@3.2.3
  com.unity.xr.legacyinputhelpers@2.1.7

=== Thu Jul 27 00:06:42 2023

Packages were changed.
Update Mode: updateDependencies

The following packages were updated:
  com.unity.2d.animation from version 6.0.4 to 7.0.7
  com.unity.2d.pixel-perfect from version 5.0.0 to 5.0.1
  com.unity.2d.psdimporter from version 5.0.4 to 6.0.5
  com.unity.2d.spriteshape from version 6.0.1 to 7.0.6
  com.unity.2d.tilemap.extras from version 2.0.0 to 2.2.3
  com.unity.ads from version 3.6.1 to 3.7.5
  com.unity.analytics from version 3.3.5 to 3.6.12
  com.unity.collab-proxy from version 1.7.1 to 1.17.2
  com.unity.ide.rider from version 3.0.7 to 3.0.15
  com.unity.ide.visualstudio from version 2.0.9 to 2.0.16
  com.unity.ide.vscode from version 1.2.3 to 1.2.5
  com.unity.purchasing from version 3.2.3 to 4.4.1
  com.unity.test-framework from version 1.1.27 to 1.1.31
  com.unity.timeline from version 1.5.6 to 1.6.4
  com.unity.visualscripting from version 1.6.1 to 1.7.8
  com.unity.xr.legacyinputhelpers from version 2.1.7 to 2.1.10
